<?xml version="1.0" encoding="UTF-8"?>
<!-- Generated by org.testng.reporters.JUnitReportReporter -->
<testsuite skipped="0" hostname="rbs-HP-ProBook-450-G1" name="example.RemoteWebdriver" tests="1" failures="0" timestamp="17 Nov 2016 12:08:46 GMT" time="28.025" errors="0">
  <testcase name="BeechTree" time="28.025" classname="example.RemoteWebdriver"/>
</testsuite> <!-- example.RemoteWebdriver -->
