<?xml version="1.0" encoding="UTF-8"?>
<!-- Generated by org.testng.reporters.JUnitReportReporter -->
<testsuite skipped="0" hostname="rbs-HP-ProBook-450-G1" name="example.PhantomJsDriver" tests="1" failures="0" timestamp="21 Nov 2016 07:56:27 GMT" time="86.003" errors="0">
  <testcase name="HouseOfIthad" time="86.003" classname="example.PhantomJsDriver"/>
</testsuite> <!-- example.PhantomJsDriver -->
