<?xml version="1.0" encoding="UTF-8"?>
<!-- Generated by org.testng.reporters.JUnitReportReporter -->
<testsuite skipped="0" hostname="rbs-HP-ProBook-450-G1" name="example.PhantomJsDriver" tests="1" failures="0" timestamp="16 Nov 2016 11:24:56 GMT" time="37.161" errors="0">
  <testcase name="HouseOfIthad" time="37.161" classname="example.PhantomJsDriver"/>
</testsuite> <!-- example.PhantomJsDriver -->
