<?xml version="1.0" encoding="UTF-8"?>
<!-- Generated by org.testng.reporters.JUnitReportReporter -->
<testsuite skipped="0" hostname="rbs-HP-ProBook-450-G1" name="example.PhantomJsDriver" tests="1" failures="0" timestamp="17 Nov 2016 13:26:50 GMT" time="36.098" errors="0">
  <testcase name="RajaSahib" time="36.098" classname="example.PhantomJsDriver"/>
</testsuite> <!-- example.PhantomJsDriver -->
