<?xml version="1.0" encoding="UTF-8"?>
<!-- Generated by org.testng.reporters.JUnitReportReporter -->
<testsuite skipped="0" hostname="rbs-HP-ProBook-450-G1" name="example.HouseOfIthad" tests="1" failures="0" timestamp="21 Nov 2016 08:14:35 GMT" time="39.448" errors="0">
  <testcase name="HouseOfIthad" time="39.448" classname="example.HouseOfIthad"/>
</testsuite> <!-- example.HouseOfIthad -->
