<?xml version="1.0" encoding="UTF-8"?>
<!-- Generated by org.testng.reporters.JUnitReportReporter -->
<testsuite skipped="0" hostname="rbs-HP-ProBook-450-G1" name="example.RemoteWebdriver" tests="1" failures="0" timestamp="14 Nov 2016 13:36:31 GMT" time="38.845" errors="0">
  <testcase name="beechtree" time="38.845" classname="example.RemoteWebdriver"/>
</testsuite> <!-- example.RemoteWebdriver -->
