<?xml version="1.0" encoding="UTF-8"?>
<!-- Generated by org.testng.reporters.JUnitReportReporter -->
<testsuite skipped="0" hostname="rbs-HP-ProBook-450-G1" name="example.RemoteWebdriver" tests="1" failures="0" timestamp="15 Nov 2016 13:12:27 GMT" time="19.160" errors="0">
  <testcase name="BeechTree" time="19.160" classname="example.RemoteWebdriver"/>
</testsuite> <!-- example.RemoteWebdriver -->
